<?xml version="1.0" encoding="UTF-8"?>
<testsuite xmlns:xsi="http://www.w3.org/2001/XMLSchema-instance" xsi:noNamespaceSchemaLocation="https://maven.apache.org/surefire/maven-surefire-plugin/xsd/surefire-test-report.xsd" version="3.0.2" name="EvalAndAtomTest" time="0.08" tests="18" errors="0" skipped="0" failures="0">
  <properties>
[...]
</properties>
  <testcase name="testToggleSwitch" classname="EvalAndAtomTest" time="0.017"/>
  <testcase name="test_ext1_list_nested" classname="EvalAndAtomTest" time="0.0"/>
  <testcase name="test_ext1_list_single" classname="EvalAndAtomTest" time="0.0"/>
  <testcase name="test_ext2_nth_first" classname="EvalAndAtomTest" time="0.0"/>
  <testcase name="testAtomQ_true" classname="EvalAndAtomTest" time="0.0"/>
  <testcase name="testReadString" classname="EvalAndAtomTest" time="0.015"/>
  <testcase name="testEval2" classname="EvalAndAtomTest" time="0.002"/>
  <testcase name="testReset" classname="EvalAndAtomTest" time="0.0"/>
  <testcase name="testEval" classname="EvalAndAtomTest" time="0.0"/>
  <testcase name="testAtomQ_false" classname="EvalAndAtomTest" time="0.0"/>
  <testcase name="test_ext2_nth_with_cons" classname="EvalAndAtomTest" time="0.0"/>
  <testcase name="test_ext1_list_basic" classname="EvalAndAtomTest" time="0.0"/>
  <testcase name="test_ext1_list_empty" classname="EvalAndAtomTest" time="0.0"/>
  <testcase name="test_ext2_nth_last" classname="EvalAndAtomTest" time="0.0"/>
  <testcase name="testAtomDeref" classname="EvalAndAtomTest" time="0.0"/>
  <testcase name="testCounter" classname="EvalAndAtomTest" time="0.0"/>
  <testcase name="testSwapBuiltin" classname="EvalAndAtomTest" time="0.0"/>
  <testcase name="testSwapFn" classname="EvalAndAtomTest" time="0.006"/>
</testsuite>